0 info it worked if it ends with ok
1 verbose cli [ '/usr/bin/node', '/usr/bin/npm', 'install', '-g', 'node-static' ]
2 info using npm@1.4.28
3 info using node@v0.10.33
4 verbose node symlink /usr/bin/node
5 verbose cache add [ 'node-static', null ]
6 verbose cache add name=undefined spec="node-static" args=["node-static",null]
7 verbose parsed url { protocol: null,
7 verbose parsed url   slashes: null,
7 verbose parsed url   auth: null,
7 verbose parsed url   host: null,
7 verbose parsed url   port: null,
7 verbose parsed url   hostname: null,
7 verbose parsed url   hash: null,
7 verbose parsed url   search: null,
7 verbose parsed url   query: null,
7 verbose parsed url   pathname: 'node-static',
7 verbose parsed url   path: 'node-static',
7 verbose parsed url   href: 'node-static' }
8 silly lockFile 17070c41-node-static node-static
9 verbose lock node-static /home/t/.npm/17070c41-node-static.lock
10 silly lockFile 17070c41-node-static node-static
11 silly lockFile 17070c41-node-static node-static
12 verbose addNamed [ 'node-static', '' ]
13 verbose addNamed [ null, '*' ]
14 silly lockFile 5704b874-node-static node-static@
15 verbose lock node-static@ /home/t/.npm/5704b874-node-static.lock
16 silly addNameRange { name: 'node-static', range: '*', hasData: false }
17 verbose request where is /node-static
18 verbose request registry https://registry.npmjs.org/
19 verbose request id be38f463681265d3
20 verbose url raw /node-static
21 verbose url resolving [ 'https://registry.npmjs.org/', './node-static' ]
22 verbose url resolved https://registry.npmjs.org/node-static
23 verbose request where is https://registry.npmjs.org/node-static
24 info trying registry request attempt 1 at 14:35:41
25 http GET https://registry.npmjs.org/node-static
26 http 200 https://registry.npmjs.org/node-static
27 silly registry.get cb [ 200,
27 silly registry.get   { date: 'Sun, 09 Nov 2014 19:35:41 GMT',
27 silly registry.get     server: 'CouchDB/1.5.0 (Erlang OTP/R16B03)',
27 silly registry.get     etag: '"AI5ONJQSVPDGJMB8IKJFG22BF"',
27 silly registry.get     'content-type': 'application/json',
27 silly registry.get     'cache-control': 'max-age=60',
27 silly registry.get     'content-length': '32313',
27 silly registry.get     'accept-ranges': 'bytes',
27 silly registry.get     via: '1.1 varnish',
27 silly registry.get     age: '0',
27 silly registry.get     'x-served-by': 'cache-atl6233-ATL',
27 silly registry.get     'x-cache': 'HIT',
27 silly registry.get     'x-cache-hits': '1',
27 silly registry.get     'x-timer': 'S1415561740.982652,VS0,VE307',
27 silly registry.get     vary: 'Accept',
27 silly registry.get     'keep-alive': 'timeout=10, max=50',
27 silly registry.get     connection: 'Keep-Alive' } ]
28 silly addNameRange number 2 { name: 'node-static', range: '*', hasData: true }
29 silly addNameRange versions [ 'node-static',
29 silly addNameRange   [ '0.5.6',
29 silly addNameRange     '0.5.7',
29 silly addNameRange     '0.5.8',
29 silly addNameRange     '0.5.9',
29 silly addNameRange     '0.6.0',
29 silly addNameRange     '0.6.1',
29 silly addNameRange     '0.6.2',
29 silly addNameRange     '0.6.3',
29 silly addNameRange     '0.6.4',
29 silly addNameRange     '0.6.5',
29 silly addNameRange     '0.6.6',
29 silly addNameRange     '0.6.7',
29 silly addNameRange     '0.6.8',
29 silly addNameRange     '0.6.9',
29 silly addNameRange     '0.7.0',
29 silly addNameRange     '0.7.1',
29 silly addNameRange     '0.7.2',
29 silly addNameRange     '0.7.3',
29 silly addNameRange     '0.7.4',
29 silly addNameRange     '0.7.5',
29 silly addNameRange     '0.7.6' ] ]
30 verbose addNamed [ 'node-static', '0.7.6' ]
31 verbose addNamed [ '0.7.6', '0.7.6' ]
32 silly lockFile 04f479d4-node-static-0-7-6 node-static@0.7.6
33 verbose lock node-static@0.7.6 /home/t/.npm/04f479d4-node-static-0-7-6.lock
34 silly lockFile cf0da5be-ode-static-node-static-0-7-6-tgz https://registry.npmjs.org/node-static/-/node-static-0.7.6.tgz
35 verbose lock https://registry.npmjs.org/node-static/-/node-static-0.7.6.tgz /home/t/.npm/cf0da5be-ode-static-node-static-0-7-6-tgz.lock
36 verbose addRemoteTarball [ 'https://registry.npmjs.org/node-static/-/node-static-0.7.6.tgz',
36 verbose addRemoteTarball   'ac032e40de6881fb5e4dadeed6e1d07d37268380' ]
37 info retry fetch attempt 1 at 14:35:42
38 verbose fetch to= /tmp/npm-2920-AzxuflYQ/registry.npmjs.org/node-static/-/node-static-0.7.6.tgz
39 http GET https://registry.npmjs.org/node-static/-/node-static-0.7.6.tgz
40 http 200 https://registry.npmjs.org/node-static/-/node-static-0.7.6.tgz
41 silly lockFile cf0da5be-ode-static-node-static-0-7-6-tgz https://registry.npmjs.org/node-static/-/node-static-0.7.6.tgz
42 silly lockFile cf0da5be-ode-static-node-static-0-7-6-tgz https://registry.npmjs.org/node-static/-/node-static-0.7.6.tgz
43 silly lockFile 04f479d4-node-static-0-7-6 node-static@0.7.6
44 silly lockFile 04f479d4-node-static-0-7-6 node-static@0.7.6
45 silly lockFile 5704b874-node-static node-static@
46 silly lockFile 5704b874-node-static node-static@
47 silly resolved [ { name: 'node-static',
47 silly resolved     description: 'simple, compliant file streaming module for node',
47 silly resolved     url: 'http://github.com/cloudhead/node-static',
47 silly resolved     keywords: [ 'http', 'static', 'file', 'server' ],
47 silly resolved     author: { name: 'Alexis Sellier', email: 'self@cloudhead.net' },
47 silly resolved     contributors: [ [Object], [Object] ],
47 silly resolved     repository: { type: 'git', url: 'http://github.com/cloudhead/node-static' },
47 silly resolved     main: './lib/node-static',
47 silly resolved     scripts: { test: 'vows --spec --isolate' },
47 silly resolved     bin: { static: 'bin/cli.js' },
47 silly resolved     license: 'MIT',
47 silly resolved     dependencies: { optimist: '>=0.3.4', colors: '>=0.6.0', mime: '>=1.2.9' },
47 silly resolved     devDependencies: { request: 'latest', vows: 'latest' },
47 silly resolved     version: '0.7.6',
47 silly resolved     engines: { node: '>= 0.4.1' },
47 silly resolved     bugs: { url: 'https://github.com/cloudhead/node-static/issues' },
47 silly resolved     homepage: 'https://github.com/cloudhead/node-static',
47 silly resolved     directories: { example: 'examples', test: 'test' },
47 silly resolved     _id: 'node-static@0.7.6',
47 silly resolved     dist:
47 silly resolved      { shasum: 'ac032e40de6881fb5e4dadeed6e1d07d37268380',
47 silly resolved        tarball: 'http://registry.npmjs.org/node-static/-/node-static-0.7.6.tgz' },
47 silly resolved     _from: 'node-static@',
47 silly resolved     _npmVersion: '1.3.21',
47 silly resolved     _npmUser: { name: 'phstc', email: 'pablo@pablocantero.com' },
47 silly resolved     maintainers: [ [Object], [Object], [Object] ],
47 silly resolved     _shasum: 'ac032e40de6881fb5e4dadeed6e1d07d37268380',
47 silly resolved     _resolved: 'https://registry.npmjs.org/node-static/-/node-static-0.7.6.tgz' } ]
48 info install node-static@0.7.6 into /usr/lib
49 info installOne node-static@0.7.6
50 verbose lib/node_modules/node-static unbuild
51 verbose tar unpack /home/t/.npm/node-static/0.7.6/package.tgz
52 silly lockFile c7dc0d52-usr-lib-node-modules-node-static tar:///usr/lib/node_modules/node-static
53 verbose lock tar:///usr/lib/node_modules/node-static /home/t/.npm/c7dc0d52-usr-lib-node-modules-node-static.lock
54 silly lockFile 0944af38-pm-node-static-0-7-6-package-tgz tar:///home/t/.npm/node-static/0.7.6/package.tgz
55 verbose lock tar:///home/t/.npm/node-static/0.7.6/package.tgz /home/t/.npm/0944af38-pm-node-static-0-7-6-package-tgz.lock
56 silly gunzTarPerm modes [ '775', '664' ]
57 error Error: EACCES, mkdir '/usr/lib/node_modules/node-static'
57 error  { [Error: EACCES, mkdir '/usr/lib/node_modules/node-static']
57 error   errno: 3,
57 error   code: 'EACCES',
57 error   path: '/usr/lib/node_modules/node-static',
57 error   fstream_type: 'Directory',
57 error   fstream_path: '/usr/lib/node_modules/node-static',
57 error   fstream_class: 'DirWriter',
57 error   fstream_stack:
57 error    [ '/usr/lib/node_modules/npm/node_modules/fstream/lib/dir-writer.js:36:23',
57 error      '/usr/lib/node_modules/npm/node_modules/mkdirp/index.js:46:53',
57 error      'Object.oncomplete (fs.js:107:15)' ] }
58 error Please try running this command again as root/Administrator.
59 error System Linux 3.13.0-39-generic
60 error command "/usr/bin/node" "/usr/bin/npm" "install" "-g" "node-static"
61 error cwd /home/t/Projects/RubyProjects/Flashy
62 error node -v v0.10.33
63 error npm -v 1.4.28
64 error path /usr/lib/node_modules/node-static
65 error fstream_path /usr/lib/node_modules/node-static
66 error fstream_type Directory
67 error fstream_class DirWriter
68 error code EACCES
69 error errno 3
70 error stack Error: EACCES, mkdir '/usr/lib/node_modules/node-static'
71 error fstream_stack /usr/lib/node_modules/npm/node_modules/fstream/lib/dir-writer.js:36:23
71 error fstream_stack /usr/lib/node_modules/npm/node_modules/mkdirp/index.js:46:53
71 error fstream_stack Object.oncomplete (fs.js:107:15)
72 verbose exit [ 3, true ]
